::1 - - [31/Jan/2021:03:11:45 +0000] "GET / HTTP/1.1" 200 - "-" "Mozilla/5.0 (Macintosh; Intel Mac OS X 11_1_0) AppleWebKit/537.36 (KHTML, like Gecko) Chrome/88.0.4324.96 Safari/537.36"
::1 - - [31/Jan/2021:03:11:46 +0000] "GET /css/product.css HTTP/1.1" 200 379 "http://localhost:3000/" "Mozilla/5.0 (Macintosh; Intel Mac OS X 11_1_0) AppleWebKit/537.36 (KHTML, like Gecko) Chrome/88.0.4324.96 Safari/537.36"
::1 - - [31/Jan/2021:03:11:46 +0000] "GET /css/main.css HTTP/1.1" 200 - "http://localhost:3000/" "Mozilla/5.0 (Macintosh; Intel Mac OS X 11_1_0) AppleWebKit/537.36 (KHTML, like Gecko) Chrome/88.0.4324.96 Safari/537.36"
::1 - - [31/Jan/2021:03:11:46 +0000] "GET /js/main.js HTTP/1.1" 200 519 "http://localhost:3000/" "Mozilla/5.0 (Macintosh; Intel Mac OS X 11_1_0) AppleWebKit/537.36 (KHTML, like Gecko) Chrome/88.0.4324.96 Safari/537.36"
::1 - - [31/Jan/2021:03:11:54 +0000] "GET /login HTTP/1.1" 200 - "http://localhost:3000/" "Mozilla/5.0 (Macintosh; Intel Mac OS X 11_1_0) AppleWebKit/537.36 (KHTML, like Gecko) Chrome/88.0.4324.96 Safari/537.36"
::1 - - [31/Jan/2021:03:11:54 +0000] "GET /css/main.css HTTP/1.1" 304 - "http://localhost:3000/login" "Mozilla/5.0 (Macintosh; Intel Mac OS X 11_1_0) AppleWebKit/537.36 (KHTML, like Gecko) Chrome/88.0.4324.96 Safari/537.36"
::1 - - [31/Jan/2021:03:11:54 +0000] "GET /css/forms.css HTTP/1.1" 200 454 "http://localhost:3000/login" "Mozilla/5.0 (Macintosh; Intel Mac OS X 11_1_0) AppleWebKit/537.36 (KHTML, like Gecko) Chrome/88.0.4324.96 Safari/537.36"
::1 - - [31/Jan/2021:03:11:54 +0000] "GET /js/main.js HTTP/1.1" 304 - "http://localhost:3000/login" "Mozilla/5.0 (Macintosh; Intel Mac OS X 11_1_0) AppleWebKit/537.36 (KHTML, like Gecko) Chrome/88.0.4324.96 Safari/537.36"
::1 - - [31/Jan/2021:03:11:54 +0000] "GET /css/auth.css HTTP/1.1" 200 84 "http://localhost:3000/login" "Mozilla/5.0 (Macintosh; Intel Mac OS X 11_1_0) AppleWebKit/537.36 (KHTML, like Gecko) Chrome/88.0.4324.96 Safari/537.36"
::1 - - [31/Jan/2021:03:11:56 +0000] "GET /signup HTTP/1.1" 200 - "http://localhost:3000/login" "Mozilla/5.0 (Macintosh; Intel Mac OS X 11_1_0) AppleWebKit/537.36 (KHTML, like Gecko) Chrome/88.0.4324.96 Safari/537.36"
::1 - - [31/Jan/2021:03:11:56 +0000] "GET /css/main.css HTTP/1.1" 304 - "http://localhost:3000/signup" "Mozilla/5.0 (Macintosh; Intel Mac OS X 11_1_0) AppleWebKit/537.36 (KHTML, like Gecko) Chrome/88.0.4324.96 Safari/537.36"
::1 - - [31/Jan/2021:03:11:56 +0000] "GET /css/forms.css HTTP/1.1" 304 - "http://localhost:3000/signup" "Mozilla/5.0 (Macintosh; Intel Mac OS X 11_1_0) AppleWebKit/537.36 (KHTML, like Gecko) Chrome/88.0.4324.96 Safari/537.36"
::1 - - [31/Jan/2021:03:11:56 +0000] "GET /css/auth.css HTTP/1.1" 304 - "http://localhost:3000/signup" "Mozilla/5.0 (Macintosh; Intel Mac OS X 11_1_0) AppleWebKit/537.36 (KHTML, like Gecko) Chrome/88.0.4324.96 Safari/537.36"
::1 - - [31/Jan/2021:03:11:56 +0000] "GET /js/main.js HTTP/1.1" 304 - "http://localhost:3000/signup" "Mozilla/5.0 (Macintosh; Intel Mac OS X 11_1_0) AppleWebKit/537.36 (KHTML, like Gecko) Chrome/88.0.4324.96 Safari/537.36"
::1 - - [31/Jan/2021:03:12:08 +0000] "POST /signup HTTP/1.1" 302 56 "http://localhost:3000/signup" "Mozilla/5.0 (Macintosh; Intel Mac OS X 11_1_0) AppleWebKit/537.36 (KHTML, like Gecko) Chrome/88.0.4324.96 Safari/537.36"
::1 - - [31/Jan/2021:03:12:08 +0000] "GET /login HTTP/1.1" 200 - "http://localhost:3000/signup" "Mozilla/5.0 (Macintosh; Intel Mac OS X 11_1_0) AppleWebKit/537.36 (KHTML, like Gecko) Chrome/88.0.4324.96 Safari/537.36"
::1 - - [31/Jan/2021:03:12:08 +0000] "GET /css/main.css HTTP/1.1" 304 - "http://localhost:3000/login" "Mozilla/5.0 (Macintosh; Intel Mac OS X 11_1_0) AppleWebKit/537.36 (KHTML, like Gecko) Chrome/88.0.4324.96 Safari/537.36"
::1 - - [31/Jan/2021:03:12:08 +0000] "GET /css/forms.css HTTP/1.1" 304 - "http://localhost:3000/login" "Mozilla/5.0 (Macintosh; Intel Mac OS X 11_1_0) AppleWebKit/537.36 (KHTML, like Gecko) Chrome/88.0.4324.96 Safari/537.36"
::1 - - [31/Jan/2021:03:12:08 +0000] "GET /css/auth.css HTTP/1.1" 304 - "http://localhost:3000/login" "Mozilla/5.0 (Macintosh; Intel Mac OS X 11_1_0) AppleWebKit/537.36 (KHTML, like Gecko) Chrome/88.0.4324.96 Safari/537.36"
::1 - - [31/Jan/2021:03:12:08 +0000] "GET /js/main.js HTTP/1.1" 304 - "http://localhost:3000/login" "Mozilla/5.0 (Macintosh; Intel Mac OS X 11_1_0) AppleWebKit/537.36 (KHTML, like Gecko) Chrome/88.0.4324.96 Safari/537.36"
::1 - - [31/Jan/2021:03:12:16 +0000] "POST /login HTTP/1.1" 302 46 "http://localhost:3000/login" "Mozilla/5.0 (Macintosh; Intel Mac OS X 11_1_0) AppleWebKit/537.36 (KHTML, like Gecko) Chrome/88.0.4324.96 Safari/537.36"
::1 - - [31/Jan/2021:03:12:16 +0000] "GET / HTTP/1.1" 200 - "http://localhost:3000/login" "Mozilla/5.0 (Macintosh; Intel Mac OS X 11_1_0) AppleWebKit/537.36 (KHTML, like Gecko) Chrome/88.0.4324.96 Safari/537.36"
::1 - - [31/Jan/2021:03:12:16 +0000] "GET /css/main.css HTTP/1.1" 304 - "http://localhost:3000/" "Mozilla/5.0 (Macintosh; Intel Mac OS X 11_1_0) AppleWebKit/537.36 (KHTML, like Gecko) Chrome/88.0.4324.96 Safari/537.36"
::1 - - [31/Jan/2021:03:12:16 +0000] "GET /css/product.css HTTP/1.1" 304 - "http://localhost:3000/" "Mozilla/5.0 (Macintosh; Intel Mac OS X 11_1_0) AppleWebKit/537.36 (KHTML, like Gecko) Chrome/88.0.4324.96 Safari/537.36"
::1 - - [31/Jan/2021:03:12:16 +0000] "GET /js/main.js HTTP/1.1" 304 - "http://localhost:3000/" "Mozilla/5.0 (Macintosh; Intel Mac OS X 11_1_0) AppleWebKit/537.36 (KHTML, like Gecko) Chrome/88.0.4324.96 Safari/537.36"
::1 - - [31/Jan/2021:03:12:20 +0000] "GET /products HTTP/1.1" 200 - "http://localhost:3000/" "Mozilla/5.0 (Macintosh; Intel Mac OS X 11_1_0) AppleWebKit/537.36 (KHTML, like Gecko) Chrome/88.0.4324.96 Safari/537.36"
::1 - - [31/Jan/2021:03:12:20 +0000] "GET /css/main.css HTTP/1.1" 304 - "http://localhost:3000/products" "Mozilla/5.0 (Macintosh; Intel Mac OS X 11_1_0) AppleWebKit/537.36 (KHTML, like Gecko) Chrome/88.0.4324.96 Safari/537.36"
::1 - - [31/Jan/2021:03:12:20 +0000] "GET /css/product.css HTTP/1.1" 304 - "http://localhost:3000/products" "Mozilla/5.0 (Macintosh; Intel Mac OS X 11_1_0) AppleWebKit/537.36 (KHTML, like Gecko) Chrome/88.0.4324.96 Safari/537.36"
::1 - - [31/Jan/2021:03:12:20 +0000] "GET /js/main.js HTTP/1.1" 304 - "http://localhost:3000/products" "Mozilla/5.0 (Macintosh; Intel Mac OS X 11_1_0) AppleWebKit/537.36 (KHTML, like Gecko) Chrome/88.0.4324.96 Safari/537.36"
::1 - - [31/Jan/2021:03:12:21 +0000] "GET /cart HTTP/1.1" 200 - "http://localhost:3000/products" "Mozilla/5.0 (Macintosh; Intel Mac OS X 11_1_0) AppleWebKit/537.36 (KHTML, like Gecko) Chrome/88.0.4324.96 Safari/537.36"
::1 - - [31/Jan/2021:03:12:21 +0000] "GET /css/main.css HTTP/1.1" 304 - "http://localhost:3000/cart" "Mozilla/5.0 (Macintosh; Intel Mac OS X 11_1_0) AppleWebKit/537.36 (KHTML, like Gecko) Chrome/88.0.4324.96 Safari/537.36"
::1 - - [31/Jan/2021:03:12:21 +0000] "GET /js/main.js HTTP/1.1" 304 - "http://localhost:3000/cart" "Mozilla/5.0 (Macintosh; Intel Mac OS X 11_1_0) AppleWebKit/537.36 (KHTML, like Gecko) Chrome/88.0.4324.96 Safari/537.36"
::1 - - [31/Jan/2021:03:12:21 +0000] "GET /css/cart.css HTTP/1.1" 200 387 "http://localhost:3000/cart" "Mozilla/5.0 (Macintosh; Intel Mac OS X 11_1_0) AppleWebKit/537.36 (KHTML, like Gecko) Chrome/88.0.4324.96 Safari/537.36"
::1 - - [31/Jan/2021:03:12:22 +0000] "GET /orders HTTP/1.1" 200 - "http://localhost:3000/cart" "Mozilla/5.0 (Macintosh; Intel Mac OS X 11_1_0) AppleWebKit/537.36 (KHTML, like Gecko) Chrome/88.0.4324.96 Safari/537.36"
::1 - - [31/Jan/2021:03:12:22 +0000] "GET /css/main.css HTTP/1.1" 304 - "http://localhost:3000/orders" "Mozilla/5.0 (Macintosh; Intel Mac OS X 11_1_0) AppleWebKit/537.36 (KHTML, like Gecko) Chrome/88.0.4324.96 Safari/537.36"
::1 - - [31/Jan/2021:03:12:22 +0000] "GET /js/main.js HTTP/1.1" 304 - "http://localhost:3000/orders" "Mozilla/5.0 (Macintosh; Intel Mac OS X 11_1_0) AppleWebKit/537.36 (KHTML, like Gecko) Chrome/88.0.4324.96 Safari/537.36"
::1 - - [31/Jan/2021:03:12:22 +0000] "GET /css/orders.css HTTP/1.1" 200 419 "http://localhost:3000/orders" "Mozilla/5.0 (Macintosh; Intel Mac OS X 11_1_0) AppleWebKit/537.36 (KHTML, like Gecko) Chrome/88.0.4324.96 Safari/537.36"
::1 - - [31/Jan/2021:03:12:24 +0000] "GET /admin/add-product HTTP/1.1" 200 - "http://localhost:3000/orders" "Mozilla/5.0 (Macintosh; Intel Mac OS X 11_1_0) AppleWebKit/537.36 (KHTML, like Gecko) Chrome/88.0.4324.96 Safari/537.36"
::1 - - [31/Jan/2021:03:12:24 +0000] "GET /css/main.css HTTP/1.1" 304 - "http://localhost:3000/admin/add-product" "Mozilla/5.0 (Macintosh; Intel Mac OS X 11_1_0) AppleWebKit/537.36 (KHTML, like Gecko) Chrome/88.0.4324.96 Safari/537.36"
::1 - - [31/Jan/2021:03:12:24 +0000] "GET /css/forms.css HTTP/1.1" 304 - "http://localhost:3000/admin/add-product" "Mozilla/5.0 (Macintosh; Intel Mac OS X 11_1_0) AppleWebKit/537.36 (KHTML, like Gecko) Chrome/88.0.4324.96 Safari/537.36"
::1 - - [31/Jan/2021:03:12:24 +0000] "GET /css/product.css HTTP/1.1" 304 - "http://localhost:3000/admin/add-product" "Mozilla/5.0 (Macintosh; Intel Mac OS X 11_1_0) AppleWebKit/537.36 (KHTML, like Gecko) Chrome/88.0.4324.96 Safari/537.36"
::1 - - [31/Jan/2021:03:12:24 +0000] "GET /js/main.js HTTP/1.1" 304 - "http://localhost:3000/admin/add-product" "Mozilla/5.0 (Macintosh; Intel Mac OS X 11_1_0) AppleWebKit/537.36 (KHTML, like Gecko) Chrome/88.0.4324.96 Safari/537.36"
::1 - - [31/Jan/2021:03:12:50 +0000] "POST /admin/add-product HTTP/1.1" 500 - "http://localhost:3000/admin/add-product" "Mozilla/5.0 (Macintosh; Intel Mac OS X 11_1_0) AppleWebKit/537.36 (KHTML, like Gecko) Chrome/88.0.4324.96 Safari/537.36"
