Arguments: 
  /usr/local/bin/node /usr/local/Cellar/yarn/1.22.10/libexec/bin/yarn.js install

PATH: 
  /Users/quocnd/google-cloud-sdk-dev/google-cloud-sdk/bin:/Library/Frameworks/Python.framework/Versions/3.7/bin:/usr/local/bin:/usr/bin:/bin:/usr/sbin:/sbin:/Users/quocnd/google-cloud-sdk-dev/google-cloud-sdk/bin:/Library/Frameworks/Python.framework/Versions/3.7/bin:/Users/quocnd/bin:/usr/local/bin:/usr/local/bin:/usr/bin:/bin:/usr/sbin:/sbin:/Users/quocnd/google-cloud-sdk-dev/google-cloud-sdk/bin:/Library/Frameworks/Python.framework/Versions/3.7/bin:/Users/quocnd/bin:/Users/quocnd/bin

Yarn version: 
  1.22.10

Node version: 
  14.15.4

Platform: 
  darwin x64

Trace: 
  Error: EACCES: permission denied, unlink '/Users/quocnd/Desktop/congnc/frontend-sml/nodejs-AndrewMead/task-manager/node_modules/.bin/acorn'

npm manifest: 
  {
    "name": "task-manager",
    "version": "1.0.0",
    "description": "",
    "main": "index.js",
    "scripts": {
      "start": "node src/index.js",
      "dev": "env-cmd ./config/dev.env nodemon src/index.js",
      "test": "env-cmd ./config/test.env jest --watch --runInBand"
    },
    "jest": {
      "testEnvironment": "node"
    },
    "keywords": [],
    "author": "",
    "license": "ISC",
    "dependencies": {
      "@sendgrid/mail": "^6.3.1",
      "bcryptjs": "^2.4.3",
      "express": "^4.16.4",
      "jsonwebtoken": "^8.4.0",
      "mongodb": "^3.1.10",
      "mongoose": "^5.3.16",
      "multer": "^1.4.1",
      "sharp": "^0.21.1",
      "validator": "^10.9.0"
    },
    "devDependencies": {
      "env-cmd": "^8.0.2",
      "jest": "^23.6.0",
      "nodemon": "^1.18.9",
      "supertest": "^3.4.1"
    }
  }

yarn manifest: 
  No manifest

Lockfile: 
  No lockfile
